<?xml version="1.0" encoding="UTF-8"?>
<testsuite name="org.mines.examples.ThreadSafety" tests="1" skipped="1" failures="0" errors="0" timestamp="2024-04-16T14:41:35" hostname="CLOUD" time="0.0">
  <properties/>
  <testcase name="shouldTestThreadUnsafe()" classname="org.mines.examples.ThreadSafety" time="0.0">
    <skipped/>
  </testcase>
  <system-out><![CDATA[]]></system-out>
  <system-err><![CDATA[]]></system-err>
</testsuite>
