<?xml version="1.0" encoding="UTF-8"?>
<testsuite name="org.mines.examples.ApiClientTest" tests="1" skipped="1" failures="0" errors="0" timestamp="2024-04-16T14:41:35" hostname="CLOUD" time="0.001">
  <properties/>
  <testcase name="shouldCallApiClient()" classname="org.mines.examples.ApiClientTest" time="0.001">
    <skipped/>
  </testcase>
  <system-out><![CDATA[]]></system-out>
  <system-err><![CDATA[]]></system-err>
</testsuite>
