<?xml version="1.0" encoding="UTF-8"?>
<testsuite name="org.mines.examples.patterns.TemplateTest" tests="1" skipped="0" failures="0" errors="0" timestamp="2024-04-13T19:35:37" hostname="CLOUD" time="0.0">
  <properties/>
  <testcase name="shouldTemplateMethod()" classname="org.mines.examples.patterns.TemplateTest" time="0.0"/>
  <system-out><![CDATA[]]></system-out>
  <system-err><![CDATA[]]></system-err>
</testsuite>
