<?xml version="1.0" encoding="UTF-8"?>
<testsuite name="org.mines.examples.patterns.VisitorTest" tests="1" skipped="0" failures="0" errors="0" timestamp="2024-04-13T19:35:37" hostname="CLOUD" time="0.004">
  <properties/>
  <testcase name="shouldVisit()" classname="org.mines.examples.patterns.VisitorTest" time="0.004"/>
  <system-out><![CDATA[]]></system-out>
  <system-err><![CDATA[]]></system-err>
</testsuite>
