<?xml version="1.0" encoding="UTF-8"?>
<testsuite name="org.mines.examples.patterns.FacadeTest" tests="1" skipped="0" failures="0" errors="0" timestamp="2024-04-16T14:41:36" hostname="CLOUD" time="0.012">
  <properties/>
  <testcase name="shouldProvideFacade()" classname="org.mines.examples.patterns.FacadeTest" time="0.012"/>
  <system-out><![CDATA[]]></system-out>
  <system-err><![CDATA[]]></system-err>
</testsuite>
