<?xml version="1.0" encoding="UTF-8"?>
<testsuite name="org.mines.examples.patterns.AdapterTest" tests="1" skipped="0" failures="0" errors="0" timestamp="2024-04-13T19:35:37" hostname="CLOUD" time="0.002">
  <properties/>
  <testcase name="shouldAdapt()" classname="org.mines.examples.patterns.AdapterTest" time="0.002"/>
  <system-out><![CDATA[]]></system-out>
  <system-err><![CDATA[]]></system-err>
</testsuite>
