<?xml version="1.0" encoding="UTF-8"?>
<testsuite name="org.mines.examples.patterns.VisitorTest" tests="1" skipped="0" failures="0" errors="0" timestamp="2024-04-16T14:41:36" hostname="CLOUD" time="0.008">
  <properties/>
  <testcase name="shouldVisit()" classname="org.mines.examples.patterns.VisitorTest" time="0.008"/>
  <system-out><![CDATA[]]></system-out>
  <system-err><![CDATA[]]></system-err>
</testsuite>
