<?xml version="1.0" encoding="UTF-8"?>
<testsuite name="org.mines.examples.patterns.BuilderTest" tests="1" skipped="0" failures="0" errors="0" timestamp="2024-04-16T14:41:36" hostname="CLOUD" time="0.001">
  <properties/>
  <testcase name="shouldBuildObject()" classname="org.mines.examples.patterns.BuilderTest" time="0.001"/>
  <system-out><![CDATA[]]></system-out>
  <system-err><![CDATA[]]></system-err>
</testsuite>
