<?xml version="1.0" encoding="UTF-8"?>
<testsuite name="org.mines.examples.patterns.ObserverTest" tests="1" skipped="0" failures="0" errors="0" timestamp="2024-04-16T14:41:36" hostname="CLOUD" time="0.002">
  <properties/>
  <testcase name="shouldObserve()" classname="org.mines.examples.patterns.ObserverTest" time="0.002"/>
  <system-out><![CDATA[Do something useful
]]></system-out>
  <system-err><![CDATA[]]></system-err>
</testsuite>
