<?xml version="1.0" encoding="UTF-8"?>
<testsuite name="org.address.infrastructure.TownRepositoryAdapterTest" tests="2" skipped="0" failures="0" errors="0" timestamp="2024-04-13T19:35:59" hostname="CLOUD" time="0.024">
  <properties/>
  <testcase name="shouldFindAll()" classname="org.address.infrastructure.TownRepositoryAdapterTest" time="0.008"/>
  <testcase name="shouldDeleteATownAndAllItsAddresses()" classname="org.address.infrastructure.TownRepositoryAdapterTest" time="0.014"/>
  <system-out><![CDATA[]]></system-out>
  <system-err><![CDATA[]]></system-err>
</testsuite>
